<?xml version="1.0" encoding="UTF-8"?>
<!-- Generated by org.testng.reporters.JUnitReportReporter -->
<testsuite hostname="Chinkku" failures="0" tests="1" name="testCases.TC_001_AccountRegistrationTest" time="1.657" errors="0" timestamp="2024-07-30T00:07:50 IST" skipped="0">
  <testcase classname="testCases.TC_001_AccountRegistrationTest" name="verify_account_registration" time="1.657"/>
</testsuite> <!-- testCases.TC_001_AccountRegistrationTest -->
