<?xml version="1.0" encoding="UTF-8"?>
<!-- Generated by org.testng.reporters.JUnitReportReporter -->
<testsuite hostname="Chinkku" failures="0" tests="1" name="testCases.TC_002_LoginTest" time="0.859" errors="0" timestamp="2024-07-30T00:22:41 IST" skipped="0">
  <testcase classname="testCases.TC_002_LoginTest" name="verify_login" time="0.859"/>
</testsuite> <!-- testCases.TC_002_LoginTest -->
